<?xml version="1.0" encoding="UTF-8"?>
<!-- Generated by org.testng.reporters.JUnitReportReporter -->
<testsuite hostname="DESKTOP-V3O9M40" name="FormBuilderTest.portalLogin" tests="1" failures="0" timestamp="31 May 2019 13:18:45 GMT" time="7.615" errors="0">
  <testcase name="portalLogin" time="7.615" classname="FormBuilderTest.portalLogin"/>
</testsuite> <!-- FormBuilderTest.portalLogin -->
