<?xml version="1.0" encoding="UTF-8"?>
<!-- Generated by org.testng.reporters.JUnitReportReporter -->
<testsuite hostname="DESKTOP-V3O9M40" name="FormBuilderTest.CompleteTesting" tests="16" failures="0" timestamp="2 Jun 2019 14:47:08 GMT" time="38.839" errors="0">
  <testcase name="removeVenueWFMapping" time="1.549" classname="FormBuilderTest.CompleteTesting"/>
  <testcase name="getWorkflows" time="10.191" classname="FormBuilderTest.CompleteTesting"/>
  <testcase name="removeExistingSCresn" time="1.624" classname="FormBuilderTest.CompleteTesting"/>
  <testcase name="MapWorkflow" time="1.589" classname="FormBuilderTest.CompleteTesting"/>
  <testcase name="addExistingScreens" time="1.677" classname="FormBuilderTest.CompleteTesting"/>
  <testcase name="UpdateWorkflow" time="1.605" classname="FormBuilderTest.CompleteTesting"/>
  <testcase name="deleteFormFields" time="1.595" classname="FormBuilderTest.CompleteTesting"/>
  <testcase name="MapScreensWithWorkflows" time="1.644" classname="FormBuilderTest.CompleteTesting"/>
  <testcase name="removeMappingScreenWf" time="1.605" classname="FormBuilderTest.CompleteTesting"/>
  <testcase name="deleteWorkFlow" time="1.526" classname="FormBuilderTest.CompleteTesting"/>
  <testcase name="addWorflow" time="3.801" classname="FormBuilderTest.CompleteTesting"/>
  <testcase name="getScreens" time="2.077" classname="FormBuilderTest.CompleteTesting"/>
  <testcase name="getExistingScreen" time="1.652" classname="FormBuilderTest.CompleteTesting"/>
  <testcase name="updateCustomScreens" time="1.627" classname="FormBuilderTest.CompleteTesting"/>
  <testcase name="AddCustomScreens" time="3.530" classname="FormBuilderTest.CompleteTesting"/>
  <testcase name="deleteScreens" time="1.547" classname="FormBuilderTest.CompleteTesting"/>
</testsuite> <!-- FormBuilderTest.CompleteTesting -->
